<?xml version="1.0" encoding="UTF-8"?>
<testsuite xmlns:xsi="http://www.w3.org/2001/XMLSchema-instance" xsi:noNamespaceSchemaLocation="https://maven.apache.org/surefire/maven-surefire-plugin/xsd/surefire-test-report.xsd" name="org.example.AppTest" time="0.539" tests="4" errors="0" skipped="0" failures="1">
  <properties>
    <property name="sun.desktop" value="windows"/>
    <property name="awt.toolkit" value="sun.awt.windows.WToolkit"/>
    <property name="java.specification.version" value="11"/>
    <property name="sun.cpu.isalist" value="amd64"/>
    <property name="sun.jnu.encoding" value="Cp1252"/>
    <property name="java.class.path" value="C:\Users\Halisia\Desktop\ESGI\OUTILS_ET_TECHNIQUES_DE_DEV\Projet final\ElPresidente_Kadijetou_Halisia\target\test-classes;C:\Users\Halisia\Desktop\ESGI\OUTILS_ET_TECHNIQUES_DE_DEV\Projet final\ElPresidente_Kadijetou_Halisia\target\classes;C:\Users\Halisia\.m2\repository\junit\junit\4.11\junit-4.11.jar;C:\Users\Halisia\.m2\repository\org\hamcrest\hamcrest-core\1.3\hamcrest-core-1.3.jar;C:\Users\Halisia\.m2\repository\com\googlecode\json-simple\json-simple\1.1.1\json-simple-1.1.1.jar;"/>
    <property name="java.vm.vendor" value="JetBrains s.r.o"/>
    <property name="sun.arch.data.model" value="64"/>
    <property name="user.variant" value=""/>
    <property name="java.vendor.url" value="https://www.jetbrains.com/"/>
    <property name="user.timezone" value="Europe/Paris"/>
    <property name="java.vm.specification.version" value="11"/>
    <property name="os.name" value="Windows 10"/>
    <property name="sun.java.launcher" value="SUN_STANDARD"/>
    <property name="user.country" value="FR"/>
    <property name="sun.boot.library.path" value="C:\Program Files\JetBrains\IntelliJ IDEA Community Edition 2019.2\jbr\bin"/>
    <property name="sun.java.command" value="C:\Users\Halisia\AppData\Local\Temp\surefire4126913527502960153\surefirebooter9209206513986631828.jar C:\Users\Halisia\AppData\Local\Temp\surefire4126913527502960153 2021-02-16T21-21-52_560-jvmRun1 surefire12227702654184655391tmp surefire_05361623282528007619tmp"/>
    <property name="jdk.debug" value="release"/>
    <property name="surefire.test.class.path" value="C:\Users\Halisia\Desktop\ESGI\OUTILS_ET_TECHNIQUES_DE_DEV\Projet final\ElPresidente_Kadijetou_Halisia\target\test-classes;C:\Users\Halisia\Desktop\ESGI\OUTILS_ET_TECHNIQUES_DE_DEV\Projet final\ElPresidente_Kadijetou_Halisia\target\classes;C:\Users\Halisia\.m2\repository\junit\junit\4.11\junit-4.11.jar;C:\Users\Halisia\.m2\repository\org\hamcrest\hamcrest-core\1.3\hamcrest-core-1.3.jar;C:\Users\Halisia\.m2\repository\com\googlecode\json-simple\json-simple\1.1.1\json-simple-1.1.1.jar;"/>
    <property name="sun.cpu.endian" value="little"/>
    <property name="user.home" value="C:\Users\Halisia"/>
    <property name="user.language" value="fr"/>
    <property name="java.specification.vendor" value="Oracle Corporation"/>
    <property name="java.version.date" value="2019-04-16"/>
    <property name="java.home" value="C:\Program Files\JetBrains\IntelliJ IDEA Community Edition 2019.2\jbr"/>
    <property name="file.separator" value="\"/>
    <property name="basedir" value="C:\Users\Halisia\Desktop\ESGI\OUTILS_ET_TECHNIQUES_DE_DEV\Projet final\ElPresidente_Kadijetou_Halisia"/>
    <property name="java.vm.compressedOopsMode" value="32-bit"/>
    <property name="line.separator" value="&#10;"/>
    <property name="java.specification.name" value="Java Platform API Specification"/>
    <property name="java.vm.specification.vendor" value="Oracle Corporation"/>
    <property name="java.awt.graphicsenv" value="sun.awt.Win32GraphicsEnvironment"/>
    <property name="surefire.real.class.path" value="C:\Users\Halisia\AppData\Local\Temp\surefire4126913527502960153\surefirebooter9209206513986631828.jar"/>
    <property name="user.script" value=""/>
    <property name="sun.management.compiler" value="HotSpot 64-Bit Tiered Compilers"/>
    <property name="java.runtime.version" value="11.0.3+12-b304.10"/>
    <property name="user.name" value="Halisia"/>
    <property name="path.separator" value=";"/>
    <property name="os.version" value="10.0"/>
    <property name="java.runtime.name" value="OpenJDK Runtime Environment"/>
    <property name="file.encoding" value="Cp1252"/>
    <property name="java.vm.name" value="OpenJDK 64-Bit Server VM"/>
    <property name="localRepository" value="C:\Users\Halisia\.m2\repository"/>
    <property name="java.vendor.url.bug" value="https://youtrack.jetbrains.com"/>
    <property name="java.io.tmpdir" value="C:\Users\Halisia\AppData\Local\Temp\"/>
    <property name="java.version" value="11.0.3"/>
    <property name="user.dir" value="C:\Users\Halisia\Desktop\ESGI\OUTILS_ET_TECHNIQUES_DE_DEV\Projet final\ElPresidente_Kadijetou_Halisia"/>
    <property name="os.arch" value="amd64"/>
    <property name="java.vm.specification.name" value="Java Virtual Machine Specification"/>
    <property name="java.awt.printerjob" value="sun.awt.windows.WPrinterJob"/>
    <property name="sun.os.patch.level" value=""/>
    <property name="idea.version2019.2" value="true"/>
    <property name="java.library.path" value="C:\Program Files\JetBrains\IntelliJ IDEA Community Edition 2019.2\jbr\bin;C:\WINDOWS\Sun\Java\bin;C:\WINDOWS\system32;C:\WINDOWS;C:\Program Files\JetBrains\IntelliJ IDEA Community Edition 2019.2\jbr\\bin;C:\Program Files\JetBrains\IntelliJ IDEA Community Edition 2019.2\jbr\\bin\server;C:\Program Files (x86)\VMware\VMware Player\bin\;C:\Program Files (x86)\Common Files\Oracle\Java\javapath;C:\Program Files (x86)\Intel\TXE Components\iCLS\;C:\Program Files\Intel\TXE Components\iCLS\;C:\WINDOWS\system32;C:\WINDOWS;C:\WINDOWS\System32\Wbem;C:\WINDOWS\System32\WindowsPowerShell\v1.0\;C:\Program Files\Intel\TXE Components\DAL\;C:\Program Files (x86)\Intel\TXE Components\DAL\;C:\Program Files\Intel\TXE Components\IPT\;C:\Program Files (x86)\Intel\TXE Components\IPT\;C:\WINDOWS\System32\OpenSSH\;C:\Program Files\dotnet\;C:\Program Files\TortoiseGit\bin;C:\Program Files\Git\cmd;C:\Program Files\nodejs\;C:\Program Files\Docker\Docker\resources\bin;C:\ProgramData\DockerDesktop\version-bin;C:\Users\Halisia\AppData\Local\Microsoft\WindowsApps;C:\Users\Halisia\AppData\Local\atom\bin;C:\Users\Halisia\AppData\Local\Programs\Microsoft VS Code\bin;C:\Users\Halisia\AppData\Local\Microsoft\WindowsApps;C:\Users\Halisia\AppData\Roaming\npm;;C:\Program Files\Docker Toolbox;."/>
    <property name="java.vendor" value="JetBrains s.r.o"/>
    <property name="java.vm.info" value="mixed mode, sharing"/>
    <property name="java.vm.version" value="11.0.3+12-b304.10"/>
    <property name="sun.io.unicode.encoding" value="UnicodeLittle"/>
    <property name="java.class.version" value="55.0"/>
  </properties>
  <testcase name="testIsFoodEnough" classname="org.example.AppTest" time="0.124"/>
  <testcase name="testRandomPartisansElimination" classname="org.example.AppTest" time="0.113">
    <failure message="expected:&lt;[2]0 partisans have bee...&gt; but was:&lt;[9]0 partisans have bee...&gt;" type="org.junit.ComparisonFailure"><![CDATA[org.junit.ComparisonFailure: expected:<[2]0 partisans have bee...> but was:<[9]0 partisans have bee...>
	at org.example.AppTest.testRandomPartisansElimination(AppTest.java:38)
]]></failure>
  </testcase>
  <testcase name="testCalculateNumberOfPartisans" classname="org.example.AppTest" time="0"/>
  <testcase name="setUp" classname="org.example.AppTest" time="0"/>
</testsuite>